{"synthetic": false,
 "schemaVersion": "2025-09-10",
 "outputs":
 {"o": ["7880ea12a948e83a.olean"],
  "i": "11b8662c434f2e30.ilean",
  "c": "256d26ecf5c763a8.c"},
 "log":
 [{"message":
   ".> LEAN_PATH=/Users/elichka/Documents/PROPA/Exercises/Week0/.lake/build/lib/lean /Users/elichka/.elan/toolchains/leanprover--lean4---v4.27.0/bin/lean /Users/elichka/Documents/PROPA/Exercises/Week0/Week0/Basic.lean -o /Users/elichka/Documents/PROPA/Exercises/Week0/.lake/build/lib/lean/Week0/Basic.olean -i /Users/elichka/Documents/PROPA/Exercises/Week0/.lake/build/lib/lean/Week0/Basic.ilean -c /Users/elichka/Documents/PROPA/Exercises/Week0/.lake/build/ir/Week0/Basic.c --setup /Users/elichka/Documents/PROPA/Exercises/Week0/.lake/build/ir/Week0/Basic.setup.json --json",
   "level": "trace"}],
 "inputs":
 [["Week0.Basic:deps",
   [["deps",
     [["Week0/Week0:extraDep", [["@Week0:extraDep", "00000000000006bb"]]],
      ["imports", "00000000000006bb"]]],
    ["libs",
     [["import dynlibs", "00000000000006bb"],
      ["package external libraries", "00000000000006bb"],
      ["module dynlibs", "00000000000006bb"],
      ["module plugins", "00000000000006bb"]]]]],
  ["Lean 4.27.0, commit db93fe1608548721853390a10cd40580fe7d22ae",
   "9a2be90fd35343e5"],
  ["/Users/elichka/Documents/PROPA/Exercises/Week0/Week0/Basic.lean",
   "fb8d37be36883ee0"],
  ["options", "00000000000006bb"],
  ["Module.leanArgs: #[]", "00000000000006bb"]],
 "depHash": "1fdd765351859c0b"}