{"synthetic": false,
 "schemaVersion": "2025-09-10",
 "outputs":
 {"o": ["769b5468375e105a.olean"],
  "i": "f4c76b781b380f55.ilean",
  "c": "fcc34d09d0782a4d.c"},
 "log":
 [{"message":
   ".> LEAN_PATH=/Users/elichka/Documents/PROPA/Exercises/Week0/.lake/build/lib/lean /Users/elichka/.elan/toolchains/leanprover--lean4---v4.27.0/bin/lean /Users/elichka/Documents/PROPA/Exercises/Week0/Main.lean -o /Users/elichka/Documents/PROPA/Exercises/Week0/.lake/build/lib/lean/Main.olean -i /Users/elichka/Documents/PROPA/Exercises/Week0/.lake/build/lib/lean/Main.ilean -c /Users/elichka/Documents/PROPA/Exercises/Week0/.lake/build/ir/Main.c --setup /Users/elichka/Documents/PROPA/Exercises/Week0/.lake/build/ir/Main.setup.json --json",
   "level": "trace"}],
 "inputs":
 [["Main:deps",
   [["deps",
     [["Week0/week0:extraDep", [["@Week0:extraDep", "00000000000006bb"]]],
      ["imports",
       [["Week0 transitive imports (legacy)", "1038b0d433fa73c8"],
        ["Week0:importAllArts", "20aad275bb35af18"]]]]],
    ["libs",
     [["import dynlibs", "00000000000006bb"],
      ["package external libraries", "00000000000006bb"],
      ["module dynlibs", "00000000000006bb"],
      ["module plugins", "00000000000006bb"]]]]],
  ["Lean 4.27.0, commit db93fe1608548721853390a10cd40580fe7d22ae",
   "9a2be90fd35343e5"],
  ["/Users/elichka/Documents/PROPA/Exercises/Week0/Main.lean",
   "8ca9c15101b01166"],
  ["options", "00000000000006bb"],
  ["Module.leanArgs: #[]", "00000000000006bb"]],
 "depHash": "edb082388f535a70"}